<?xml version="1.0" encoding="UTF-8"?>
<testng-results skipped="7" failed="0" total="7" passed="0">
  <reporter-output>
  </reporter-output>
  <suite name="LessonFive_Rozetka" duration-ms="439" started-at="2015-01-11T09:38:00Z" finished-at="2015-01-11T09:38:00Z">
    <groups>
    </groups>
    <test name="Search" duration-ms="299" started-at="2015-01-11T09:38:00Z" finished-at="2015-01-11T09:38:00Z">
      <class name="ua.com.rozetka.tests.Search">
        <test-method status="FAIL" signature="setUpBrowser(java.lang.String, java.lang.String, java.lang.String, java.lang.String)[pri:0, instance:ua.com.rozetka.tests.Search@6f6b99ca]" name="setUpBrowser" is-config="true" duration-ms="0" started-at="2015-01-11T15:08:00Z" finished-at="2015-01-11T15:08:00Z">
          <params>
            <param index="0">
              <value>
                <![CDATA[ie]]>
              </value>
            </param>
            <param index="1">
              <value>
                <![CDATA[1]]>
              </value>
            </param>
            <param index="2">
              <value>
                <![CDATA[25]]>
              </value>
            </param>
            <param index="3">
              <value>
                <![CDATA[http://www.rozetka.com.ua]]>
              </value>
            </param>
          </params>
          <exception class="java.lang.NullPointerException">
            <full-stacktrace>
              <![CDATA[java.lang.NullPointerException
	at ua.com.rozetka.utils.Browser.open(Browser.java:57)
	at ua.com.rozetka.tests.BaseTest.setUpBrowser(BaseTest.java:20)
	at sun.reflect.NativeMethodAccessorImpl.invoke0(Native Method)
	at sun.reflect.NativeMethodAccessorImpl.invoke(NativeMethodAccessorImpl.java:57)
	at sun.reflect.DelegatingMethodAccessorImpl.invoke(DelegatingMethodAccessorImpl.java:43)
	at java.lang.reflect.Method.invoke(Method.java:601)
	at org.testng.internal.MethodInvocationHelper.invokeMethod(MethodInvocationHelper.java:84)
	at org.testng.internal.Invoker.invokeConfigurationMethod(Invoker.java:564)
	at org.testng.internal.Invoker.invokeConfigurations(Invoker.java:213)
	at org.testng.internal.Invoker.invokeConfigurations(Invoker.java:138)
	at org.testng.TestRunner.beforeRun(TestRunner.java:641)
	at org.testng.TestRunner.run(TestRunner.java:609)
	at org.testng.SuiteRunner.runTest(SuiteRunner.java:348)
	at org.testng.SuiteRunner.runSequentially(SuiteRunner.java:343)
	at org.testng.SuiteRunner.privateRun(SuiteRunner.java:305)
	at org.testng.SuiteRunner.run(SuiteRunner.java:254)
	at org.testng.SuiteRunnerWorker.runSuite(SuiteRunnerWorker.java:52)
	at org.testng.SuiteRunnerWorker.run(SuiteRunnerWorker.java:86)
	at org.testng.TestNG.runSuitesSequentially(TestNG.java:1224)
	at org.testng.TestNG.runSuitesLocally(TestNG.java:1149)
	at org.testng.TestNG.run(TestNG.java:1057)
	at org.apache.maven.surefire.testng.TestNGExecutor.run(TestNGExecutor.java:217)
	at org.apache.maven.surefire.testng.TestNGXmlTestSuite.execute(TestNGXmlTestSuite.java:84)
	at org.apache.maven.surefire.testng.TestNGProvider.invoke(TestNGProvider.java:92)
	at org.apache.maven.surefire.booter.ForkedBooter.invokeProviderInSameClassLoader(ForkedBooter.java:200)
	at org.apache.maven.surefire.booter.ForkedBooter.runSuitesInProcess(ForkedBooter.java:153)
	at org.apache.maven.surefire.booter.ForkedBooter.main(ForkedBooter.java:103)
]]>
            </full-stacktrace>
          </exception> <!-- java.lang.NullPointerException -->
          <reporter-output>
          </reporter-output>
        </test-method> <!-- setUpBrowser -->
        <test-method status="SKIP" signature="setUpTestData(java.lang.String, java.lang.String, java.lang.String, java.lang.String, java.lang.String)[pri:0, instance:ua.com.rozetka.tests.Search@6f6b99ca]" name="setUpTestData" is-config="true" duration-ms="0" started-at="2015-01-11T15:08:00Z" finished-at="2015-01-11T15:08:00Z">
          <reporter-output>
          </reporter-output>
        </test-method> <!-- setUpTestData -->
        <test-method status="SKIP" signature="searchQueryRemainsInSearchBoxTest()[pri:0, instance:ua.com.rozetka.tests.Search@6f6b99ca]" name="searchQueryRemainsInSearchBoxTest" duration-ms="16" started-at="2015-01-11T15:08:00Z" finished-at="2015-01-11T15:08:00Z">
          <reporter-output>
          </reporter-output>
        </test-method> <!-- searchQueryRemainsInSearchBoxTest -->
        <test-method status="SKIP" signature="logTestStart(java.lang.reflect.Method)[pri:0, instance:ua.com.rozetka.tests.Search@6f6b99ca]" name="logTestStart" is-config="true" duration-ms="0" started-at="2015-01-11T15:08:00Z" finished-at="2015-01-11T15:08:00Z">
          <reporter-output>
          </reporter-output>
        </test-method> <!-- logTestStart -->
        <test-method status="SKIP" signature="searchResultsForContainsSearchQuery()[pri:0, instance:ua.com.rozetka.tests.Search@6f6b99ca]" name="searchResultsForContainsSearchQuery" duration-ms="0" started-at="2015-01-11T15:08:00Z" finished-at="2015-01-11T15:08:00Z">
          <reporter-output>
          </reporter-output>
        </test-method> <!-- searchResultsForContainsSearchQuery -->
        <test-method status="SKIP" signature="searchResultsContainSearchProductTest()[pri:0, instance:ua.com.rozetka.tests.Search@6f6b99ca]" name="searchResultsContainSearchProductTest" duration-ms="0" started-at="2015-01-11T15:08:00Z" finished-at="2015-01-11T15:08:00Z">
          <reporter-output>
          </reporter-output>
        </test-method> <!-- searchResultsContainSearchProductTest -->
        <test-method status="SKIP" signature="setUpTestData(java.lang.String, java.lang.String, java.lang.String, java.lang.String, java.lang.String)[pri:0, instance:ua.com.rozetka.tests.Search@6f6b99ca]" name="setUpTestData" is-config="true" duration-ms="0" started-at="2015-01-11T15:08:00Z" finished-at="2015-01-11T15:08:00Z">
          <reporter-output>
          </reporter-output>
        </test-method> <!-- setUpTestData -->
        <test-method status="SKIP" signature="logTestStart(java.lang.reflect.Method)[pri:0, instance:ua.com.rozetka.tests.Search@6f6b99ca]" name="logTestStart" is-config="true" duration-ms="0" started-at="2015-01-11T15:08:00Z" finished-at="2015-01-11T15:08:00Z">
          <reporter-output>
          </reporter-output>
        </test-method> <!-- logTestStart -->
        <test-method status="PASS" signature="finish(java.lang.reflect.Method)[pri:0, instance:ua.com.rozetka.tests.Search@6f6b99ca]" name="finish" is-config="true" duration-ms="0" started-at="2015-01-11T15:08:00Z" finished-at="2015-01-11T15:08:00Z">
          <params>
            <param index="0">
              <value>
                <![CDATA[public void ua.com.rozetka.tests.Search.searchQueryRemainsInSearchBoxTest()]]>
              </value>
            </param>
          </params>
          <reporter-output>
          </reporter-output>
        </test-method> <!-- finish -->
        <test-method status="PASS" signature="finish(java.lang.reflect.Method)[pri:0, instance:ua.com.rozetka.tests.Search@6f6b99ca]" name="finish" is-config="true" duration-ms="0" started-at="2015-01-11T15:08:00Z" finished-at="2015-01-11T15:08:00Z">
          <params>
            <param index="0">
              <value>
                <![CDATA[public void ua.com.rozetka.tests.Search.searchResultsForContainsSearchQuery()]]>
              </value>
            </param>
          </params>
          <reporter-output>
          </reporter-output>
        </test-method> <!-- finish -->
        <test-method status="SKIP" signature="logTestStart(java.lang.reflect.Method)[pri:0, instance:ua.com.rozetka.tests.Search@6f6b99ca]" name="logTestStart" is-config="true" duration-ms="0" started-at="2015-01-11T15:08:00Z" finished-at="2015-01-11T15:08:00Z">
          <reporter-output>
          </reporter-output>
        </test-method> <!-- logTestStart -->
        <test-method status="SKIP" signature="setUpTestData(java.lang.String, java.lang.String, java.lang.String, java.lang.String, java.lang.String)[pri:0, instance:ua.com.rozetka.tests.Search@6f6b99ca]" name="setUpTestData" is-config="true" duration-ms="0" started-at="2015-01-11T15:08:00Z" finished-at="2015-01-11T15:08:00Z">
          <reporter-output>
          </reporter-output>
        </test-method> <!-- setUpTestData -->
        <test-method status="PASS" signature="finish(java.lang.reflect.Method)[pri:0, instance:ua.com.rozetka.tests.Search@6f6b99ca]" name="finish" is-config="true" duration-ms="0" started-at="2015-01-11T15:08:00Z" finished-at="2015-01-11T15:08:00Z">
          <params>
            <param index="0">
              <value>
                <![CDATA[public void ua.com.rozetka.tests.Search.searchResultsContainSearchProductTest()]]>
              </value>
            </param>
          </params>
          <reporter-output>
          </reporter-output>
        </test-method> <!-- finish -->
        <test-method status="PASS" signature="closeBrowser()[pri:0, instance:ua.com.rozetka.tests.Search@6f6b99ca]" name="closeBrowser" is-config="true" duration-ms="0" started-at="2015-01-11T15:08:00Z" finished-at="2015-01-11T15:08:00Z">
          <reporter-output>
          </reporter-output>
        </test-method> <!-- closeBrowser -->
      </class> <!-- ua.com.rozetka.tests.Search -->
    </test> <!-- Search -->
    <test name="Account" duration-ms="32" started-at="2015-01-11T09:38:00Z" finished-at="2015-01-11T09:38:00Z">
      <class name="ua.com.rozetka.tests.AccountCreation">
        <test-method status="FAIL" signature="setUpBrowser(java.lang.String, java.lang.String, java.lang.String, java.lang.String)[pri:0, instance:ua.com.rozetka.tests.AccountCreation@316db8d6]" name="setUpBrowser" is-config="true" duration-ms="0" started-at="2015-01-11T15:08:00Z" finished-at="2015-01-11T15:08:00Z">
          <params>
            <param index="0">
              <value>
                <![CDATA[ie]]>
              </value>
            </param>
            <param index="1">
              <value>
                <![CDATA[1]]>
              </value>
            </param>
            <param index="2">
              <value>
                <![CDATA[25]]>
              </value>
            </param>
            <param index="3">
              <value>
                <![CDATA[http://www.rozetka.com.ua]]>
              </value>
            </param>
          </params>
          <exception class="java.lang.NullPointerException">
            <full-stacktrace>
              <![CDATA[java.lang.NullPointerException
	at ua.com.rozetka.utils.Browser.open(Browser.java:57)
	at ua.com.rozetka.tests.BaseTest.setUpBrowser(BaseTest.java:20)
	at sun.reflect.NativeMethodAccessorImpl.invoke0(Native Method)
	at sun.reflect.NativeMethodAccessorImpl.invoke(NativeMethodAccessorImpl.java:57)
	at sun.reflect.DelegatingMethodAccessorImpl.invoke(DelegatingMethodAccessorImpl.java:43)
	at java.lang.reflect.Method.invoke(Method.java:601)
	at org.testng.internal.MethodInvocationHelper.invokeMethod(MethodInvocationHelper.java:84)
	at org.testng.internal.Invoker.invokeConfigurationMethod(Invoker.java:564)
	at org.testng.internal.Invoker.invokeConfigurations(Invoker.java:213)
	at org.testng.internal.Invoker.invokeConfigurations(Invoker.java:138)
	at org.testng.TestRunner.beforeRun(TestRunner.java:641)
	at org.testng.TestRunner.run(TestRunner.java:609)
	at org.testng.SuiteRunner.runTest(SuiteRunner.java:348)
	at org.testng.SuiteRunner.runSequentially(SuiteRunner.java:343)
	at org.testng.SuiteRunner.privateRun(SuiteRunner.java:305)
	at org.testng.SuiteRunner.run(SuiteRunner.java:254)
	at org.testng.SuiteRunnerWorker.runSuite(SuiteRunnerWorker.java:52)
	at org.testng.SuiteRunnerWorker.run(SuiteRunnerWorker.java:86)
	at org.testng.TestNG.runSuitesSequentially(TestNG.java:1224)
	at org.testng.TestNG.runSuitesLocally(TestNG.java:1149)
	at org.testng.TestNG.run(TestNG.java:1057)
	at org.apache.maven.surefire.testng.TestNGExecutor.run(TestNGExecutor.java:217)
	at org.apache.maven.surefire.testng.TestNGXmlTestSuite.execute(TestNGXmlTestSuite.java:84)
	at org.apache.maven.surefire.testng.TestNGProvider.invoke(TestNGProvider.java:92)
	at org.apache.maven.surefire.booter.ForkedBooter.invokeProviderInSameClassLoader(ForkedBooter.java:200)
	at org.apache.maven.surefire.booter.ForkedBooter.runSuitesInProcess(ForkedBooter.java:153)
	at org.apache.maven.surefire.booter.ForkedBooter.main(ForkedBooter.java:103)
]]>
            </full-stacktrace>
          </exception> <!-- java.lang.NullPointerException -->
          <reporter-output>
          </reporter-output>
        </test-method> <!-- setUpBrowser -->
        <test-method status="SKIP" signature="setUpTestData(java.lang.String, java.lang.String, java.lang.String, java.lang.String, java.lang.String)[pri:0, instance:ua.com.rozetka.tests.AccountCreation@316db8d6]" name="setUpTestData" is-config="true" duration-ms="0" started-at="2015-01-11T15:08:00Z" finished-at="2015-01-11T15:08:00Z">
          <reporter-output>
          </reporter-output>
        </test-method> <!-- setUpTestData -->
        <test-method status="PASS" signature="closeBrowser()[pri:0, instance:ua.com.rozetka.tests.AccountCreation@316db8d6]" name="closeBrowser" is-config="true" duration-ms="0" started-at="2015-01-11T15:08:00Z" finished-at="2015-01-11T15:08:00Z">
          <reporter-output>
          </reporter-output>
        </test-method> <!-- closeBrowser -->
        <test-method status="SKIP" signature="logTestStart(java.lang.reflect.Method)[pri:0, instance:ua.com.rozetka.tests.AccountCreation@316db8d6]" name="logTestStart" is-config="true" duration-ms="0" started-at="2015-01-11T15:08:00Z" finished-at="2015-01-11T15:08:00Z">
          <reporter-output>
          </reporter-output>
        </test-method> <!-- logTestStart -->
        <test-method status="SKIP" signature="accountCreationTest()[pri:0, instance:ua.com.rozetka.tests.AccountCreation@316db8d6]" name="accountCreationTest" duration-ms="0" started-at="2015-01-11T15:08:00Z" finished-at="2015-01-11T15:08:00Z">
          <reporter-output>
          </reporter-output>
        </test-method> <!-- accountCreationTest -->
        <test-method status="PASS" signature="finish(java.lang.reflect.Method)[pri:0, instance:ua.com.rozetka.tests.AccountCreation@316db8d6]" name="finish" is-config="true" duration-ms="0" started-at="2015-01-11T15:08:00Z" finished-at="2015-01-11T15:08:00Z">
          <params>
            <param index="0">
              <value>
                <![CDATA[public void ua.com.rozetka.tests.AccountCreation.accountCreationTest()]]>
              </value>
            </param>
          </params>
          <reporter-output>
          </reporter-output>
        </test-method> <!-- finish -->
      </class> <!-- ua.com.rozetka.tests.AccountCreation -->
      <class name="ua.com.rozetka.tests.Authorization">
        <test-method status="PASS" signature="finish(java.lang.reflect.Method)[pri:0, instance:ua.com.rozetka.tests.Authorization@1a8202f4]" name="finish" is-config="true" duration-ms="16" started-at="2015-01-11T15:08:00Z" finished-at="2015-01-11T15:08:00Z">
          <params>
            <param index="0">
              <value>
                <![CDATA[public void ua.com.rozetka.tests.Authorization.logInTest()]]>
              </value>
            </param>
          </params>
          <reporter-output>
          </reporter-output>
        </test-method> <!-- finish -->
        <test-method status="SKIP" signature="logTestStart(java.lang.reflect.Method)[pri:0, instance:ua.com.rozetka.tests.Authorization@1a8202f4]" name="logTestStart" is-config="true" duration-ms="0" started-at="2015-01-11T15:08:00Z" finished-at="2015-01-11T15:08:00Z">
          <reporter-output>
          </reporter-output>
        </test-method> <!-- logTestStart -->
        <test-method status="SKIP" signature="setUpTestData(java.lang.String, java.lang.String, java.lang.String, java.lang.String, java.lang.String)[pri:0, instance:ua.com.rozetka.tests.Authorization@1a8202f4]" name="setUpTestData" is-config="true" duration-ms="0" started-at="2015-01-11T15:08:00Z" finished-at="2015-01-11T15:08:00Z">
          <reporter-output>
          </reporter-output>
        </test-method> <!-- setUpTestData -->
        <test-method status="SKIP" signature="logInTest()[pri:0, instance:ua.com.rozetka.tests.Authorization@1a8202f4]" name="logInTest" duration-ms="0" started-at="2015-01-11T15:08:00Z" finished-at="2015-01-11T15:08:00Z">
          <reporter-output>
          </reporter-output>
        </test-method> <!-- logInTest -->
        <test-method status="PASS" signature="finish(java.lang.reflect.Method)[pri:0, instance:ua.com.rozetka.tests.Authorization@1a8202f4]" name="finish" is-config="true" duration-ms="0" started-at="2015-01-11T15:08:00Z" finished-at="2015-01-11T15:08:00Z">
          <params>
            <param index="0">
              <value>
                <![CDATA[public void ua.com.rozetka.tests.Authorization.logOutTest()]]>
              </value>
            </param>
          </params>
          <reporter-output>
          </reporter-output>
        </test-method> <!-- finish -->
        <test-method status="SKIP" signature="logOutTest()[pri:0, instance:ua.com.rozetka.tests.Authorization@1a8202f4]" name="logOutTest" duration-ms="0" started-at="2015-01-11T15:08:00Z" finished-at="2015-01-11T15:08:00Z">
          <reporter-output>
          </reporter-output>
        </test-method> <!-- logOutTest -->
        <test-method status="SKIP" signature="logTestStart(java.lang.reflect.Method)[pri:0, instance:ua.com.rozetka.tests.Authorization@1a8202f4]" name="logTestStart" is-config="true" duration-ms="0" started-at="2015-01-11T15:08:00Z" finished-at="2015-01-11T15:08:00Z">
          <reporter-output>
          </reporter-output>
        </test-method> <!-- logTestStart -->
        <test-method status="SKIP" signature="setUpTestData(java.lang.String, java.lang.String, java.lang.String, java.lang.String, java.lang.String)[pri:0, instance:ua.com.rozetka.tests.Authorization@1a8202f4]" name="setUpTestData" is-config="true" duration-ms="0" started-at="2015-01-11T15:08:00Z" finished-at="2015-01-11T15:08:00Z">
          <reporter-output>
          </reporter-output>
        </test-method> <!-- setUpTestData -->
      </class> <!-- ua.com.rozetka.tests.Authorization -->
    </test> <!-- Account -->
    <test name="Checkout" duration-ms="15" started-at="2015-01-11T09:38:00Z" finished-at="2015-01-11T09:38:00Z">
      <class name="ua.com.rozetka.tests.Checkout">
        <test-method status="FAIL" signature="setUpBrowser(java.lang.String, java.lang.String, java.lang.String, java.lang.String)[pri:0, instance:ua.com.rozetka.tests.Checkout@435914ac]" name="setUpBrowser" is-config="true" duration-ms="0" started-at="2015-01-11T15:08:00Z" finished-at="2015-01-11T15:08:00Z">
          <params>
            <param index="0">
              <value>
                <![CDATA[ie]]>
              </value>
            </param>
            <param index="1">
              <value>
                <![CDATA[1]]>
              </value>
            </param>
            <param index="2">
              <value>
                <![CDATA[25]]>
              </value>
            </param>
            <param index="3">
              <value>
                <![CDATA[http://www.rozetka.com.ua]]>
              </value>
            </param>
          </params>
          <exception class="java.lang.NullPointerException">
            <full-stacktrace>
              <![CDATA[java.lang.NullPointerException
	at ua.com.rozetka.utils.Browser.open(Browser.java:57)
	at ua.com.rozetka.tests.BaseTest.setUpBrowser(BaseTest.java:20)
	at sun.reflect.NativeMethodAccessorImpl.invoke0(Native Method)
	at sun.reflect.NativeMethodAccessorImpl.invoke(NativeMethodAccessorImpl.java:57)
	at sun.reflect.DelegatingMethodAccessorImpl.invoke(DelegatingMethodAccessorImpl.java:43)
	at java.lang.reflect.Method.invoke(Method.java:601)
	at org.testng.internal.MethodInvocationHelper.invokeMethod(MethodInvocationHelper.java:84)
	at org.testng.internal.Invoker.invokeConfigurationMethod(Invoker.java:564)
	at org.testng.internal.Invoker.invokeConfigurations(Invoker.java:213)
	at org.testng.internal.Invoker.invokeConfigurations(Invoker.java:138)
	at org.testng.TestRunner.beforeRun(TestRunner.java:641)
	at org.testng.TestRunner.run(TestRunner.java:609)
	at org.testng.SuiteRunner.runTest(SuiteRunner.java:348)
	at org.testng.SuiteRunner.runSequentially(SuiteRunner.java:343)
	at org.testng.SuiteRunner.privateRun(SuiteRunner.java:305)
	at org.testng.SuiteRunner.run(SuiteRunner.java:254)
	at org.testng.SuiteRunnerWorker.runSuite(SuiteRunnerWorker.java:52)
	at org.testng.SuiteRunnerWorker.run(SuiteRunnerWorker.java:86)
	at org.testng.TestNG.runSuitesSequentially(TestNG.java:1224)
	at org.testng.TestNG.runSuitesLocally(TestNG.java:1149)
	at org.testng.TestNG.run(TestNG.java:1057)
	at org.apache.maven.surefire.testng.TestNGExecutor.run(TestNGExecutor.java:217)
	at org.apache.maven.surefire.testng.TestNGXmlTestSuite.execute(TestNGXmlTestSuite.java:84)
	at org.apache.maven.surefire.testng.TestNGProvider.invoke(TestNGProvider.java:92)
	at org.apache.maven.surefire.booter.ForkedBooter.invokeProviderInSameClassLoader(ForkedBooter.java:200)
	at org.apache.maven.surefire.booter.ForkedBooter.runSuitesInProcess(ForkedBooter.java:153)
	at org.apache.maven.surefire.booter.ForkedBooter.main(ForkedBooter.java:103)
]]>
            </full-stacktrace>
          </exception> <!-- java.lang.NullPointerException -->
          <reporter-output>
          </reporter-output>
        </test-method> <!-- setUpBrowser -->
        <test-method status="SKIP" signature="setUpTestData(java.lang.String, java.lang.String, java.lang.String, java.lang.String, java.lang.String)[pri:0, instance:ua.com.rozetka.tests.Checkout@435914ac]" name="setUpTestData" is-config="true" duration-ms="0" started-at="2015-01-11T15:08:00Z" finished-at="2015-01-11T15:08:00Z">
          <reporter-output>
          </reporter-output>
        </test-method> <!-- setUpTestData -->
        <test-method status="SKIP" signature="logTestStart(java.lang.reflect.Method)[pri:0, instance:ua.com.rozetka.tests.Checkout@435914ac]" name="logTestStart" is-config="true" duration-ms="0" started-at="2015-01-11T15:08:00Z" finished-at="2015-01-11T15:08:00Z">
          <reporter-output>
          </reporter-output>
        </test-method> <!-- logTestStart -->
        <test-method status="PASS" signature="closeBrowser()[pri:0, instance:ua.com.rozetka.tests.Checkout@435914ac]" name="closeBrowser" is-config="true" duration-ms="0" started-at="2015-01-11T15:08:00Z" finished-at="2015-01-11T15:08:00Z">
          <reporter-output>
          </reporter-output>
        </test-method> <!-- closeBrowser -->
        <test-method status="PASS" signature="finish(java.lang.reflect.Method)[pri:0, instance:ua.com.rozetka.tests.Checkout@435914ac]" name="finish" is-config="true" duration-ms="0" started-at="2015-01-11T15:08:00Z" finished-at="2015-01-11T15:08:00Z">
          <params>
            <param index="0">
              <value>
                <![CDATA[public void ua.com.rozetka.tests.Checkout.checkoutPositive()]]>
              </value>
            </param>
          </params>
          <reporter-output>
          </reporter-output>
        </test-method> <!-- finish -->
        <test-method status="SKIP" signature="checkoutPositive()[pri:0, instance:ua.com.rozetka.tests.Checkout@435914ac]" name="checkoutPositive" duration-ms="0" started-at="2015-01-11T15:08:00Z" finished-at="2015-01-11T15:08:00Z">
          <reporter-output>
          </reporter-output>
        </test-method> <!-- checkoutPositive -->
      </class> <!-- ua.com.rozetka.tests.Checkout -->
    </test> <!-- Checkout -->
  </suite> <!-- LessonFive_Rozetka -->
</testng-results>
