<?xml version="1.0" encoding="UTF-8"?>
<testng-results skipped="0" failed="1" total="7" passed="6">
  <reporter-output>
  </reporter-output>
  <suite name="LessonFive_Rozetka" duration-ms="243841" started-at="2015-01-10T19:24:45Z" finished-at="2015-01-10T19:28:49Z">
    <groups>
    </groups>
    <test name="Search" duration-ms="36567" started-at="2015-01-10T19:24:45Z" finished-at="2015-01-10T19:25:22Z">
      <class name="ua.com.rozetka.tests.Search">
        <test-method status="PASS" signature="setUpBrowser(java.lang.String, java.lang.String, java.lang.String, java.lang.String)[pri:0, instance:ua.com.rozetka.tests.Search@61d22f35]" name="setUpBrowser" is-config="true" duration-ms="14607" started-at="2015-01-11T00:54:45Z" finished-at="2015-01-11T00:55:00Z">
          <params>
            <param index="0">
              <value>
                <![CDATA[chrome]]>
              </value>
            </param>
            <param index="1">
              <value>
                <![CDATA[1]]>
              </value>
            </param>
            <param index="2">
              <value>
                <![CDATA[40]]>
              </value>
            </param>
            <param index="3">
              <value>
                <![CDATA[http://www.rozetka.com.ua]]>
              </value>
            </param>
          </params>
          <reporter-output>
          </reporter-output>
        </test-method> <!-- setUpBrowser -->
        <test-method status="PASS" signature="logTestStart(java.lang.reflect.Method)[pri:0, instance:ua.com.rozetka.tests.Search@61d22f35]" name="logTestStart" is-config="true" duration-ms="1" started-at="2015-01-11T00:55:00Z" finished-at="2015-01-11T00:55:00Z">
          <params>
            <param index="0">
              <value>
                <![CDATA[public void ua.com.rozetka.tests.Search.searchQueryRemainsInSearchBoxTest()]]>
              </value>
            </param>
          </params>
          <reporter-output>
          </reporter-output>
        </test-method> <!-- logTestStart -->
        <test-method status="PASS" signature="setUpTestData(java.lang.String, java.lang.String, java.lang.String, java.lang.String, java.lang.String)[pri:0, instance:ua.com.rozetka.tests.Search@61d22f35]" name="setUpTestData" is-config="true" duration-ms="2" started-at="2015-01-11T00:55:00Z" finished-at="2015-01-11T00:55:00Z">
          <params>
            <param index="0">
              <value>
                <![CDATA[Forrest Gump]]>
              </value>
            </param>
            <param index="1">
              <value>
                <![CDATA[forrest.gump@run.forrest.run]]>
              </value>
            </param>
            <param index="2">
              <value>
                <![CDATA[QWer!@#$]]>
              </value>
            </param>
            <param index="3">
              <value>
                <![CDATA[+380101231231]]>
              </value>
            </param>
            <param index="4">
              <value>
                <![CDATA[Apple MacBook Pro]]>
              </value>
            </param>
          </params>
          <reporter-output>
          </reporter-output>
        </test-method> <!-- setUpTestData -->
        <test-method status="PASS" signature="searchQueryRemainsInSearchBoxTest()[pri:0, instance:ua.com.rozetka.tests.Search@61d22f35]" name="searchQueryRemainsInSearchBoxTest" duration-ms="9158" started-at="2015-01-11T00:55:00Z" finished-at="2015-01-11T00:55:09Z">
          <reporter-output>
          </reporter-output>
        </test-method> <!-- searchQueryRemainsInSearchBoxTest -->
        <test-method status="PASS" signature="finish(java.lang.reflect.Method)[pri:0, instance:ua.com.rozetka.tests.Search@61d22f35]" name="finish" is-config="true" duration-ms="2" started-at="2015-01-11T00:55:09Z" finished-at="2015-01-11T00:55:09Z">
          <params>
            <param index="0">
              <value>
                <![CDATA[public void ua.com.rozetka.tests.Search.searchQueryRemainsInSearchBoxTest()]]>
              </value>
            </param>
          </params>
          <reporter-output>
          </reporter-output>
        </test-method> <!-- finish -->
        <test-method status="PASS" signature="logTestStart(java.lang.reflect.Method)[pri:0, instance:ua.com.rozetka.tests.Search@61d22f35]" name="logTestStart" is-config="true" duration-ms="2" started-at="2015-01-11T00:55:09Z" finished-at="2015-01-11T00:55:09Z">
          <params>
            <param index="0">
              <value>
                <![CDATA[public void ua.com.rozetka.tests.Search.searchResultsContainSearchProductTest()]]>
              </value>
            </param>
          </params>
          <reporter-output>
          </reporter-output>
        </test-method> <!-- logTestStart -->
        <test-method status="PASS" signature="setUpTestData(java.lang.String, java.lang.String, java.lang.String, java.lang.String, java.lang.String)[pri:0, instance:ua.com.rozetka.tests.Search@61d22f35]" name="setUpTestData" is-config="true" duration-ms="1" started-at="2015-01-11T00:55:09Z" finished-at="2015-01-11T00:55:09Z">
          <params>
            <param index="0">
              <value>
                <![CDATA[Forrest Gump]]>
              </value>
            </param>
            <param index="1">
              <value>
                <![CDATA[forrest.gump@run.forrest.run]]>
              </value>
            </param>
            <param index="2">
              <value>
                <![CDATA[QWer!@#$]]>
              </value>
            </param>
            <param index="3">
              <value>
                <![CDATA[+380101231231]]>
              </value>
            </param>
            <param index="4">
              <value>
                <![CDATA[Apple MacBook Pro]]>
              </value>
            </param>
          </params>
          <reporter-output>
          </reporter-output>
        </test-method> <!-- setUpTestData -->
        <test-method status="PASS" signature="searchResultsContainSearchProductTest()[pri:0, instance:ua.com.rozetka.tests.Search@61d22f35]" name="searchResultsContainSearchProductTest" duration-ms="4023" started-at="2015-01-11T00:55:09Z" finished-at="2015-01-11T00:55:13Z">
          <reporter-output>
          </reporter-output>
        </test-method> <!-- searchResultsContainSearchProductTest -->
        <test-method status="PASS" signature="finish(java.lang.reflect.Method)[pri:0, instance:ua.com.rozetka.tests.Search@61d22f35]" name="finish" is-config="true" duration-ms="1" started-at="2015-01-11T00:55:13Z" finished-at="2015-01-11T00:55:13Z">
          <params>
            <param index="0">
              <value>
                <![CDATA[public void ua.com.rozetka.tests.Search.searchResultsContainSearchProductTest()]]>
              </value>
            </param>
          </params>
          <reporter-output>
          </reporter-output>
        </test-method> <!-- finish -->
        <test-method status="PASS" signature="logTestStart(java.lang.reflect.Method)[pri:0, instance:ua.com.rozetka.tests.Search@61d22f35]" name="logTestStart" is-config="true" duration-ms="2" started-at="2015-01-11T00:55:13Z" finished-at="2015-01-11T00:55:13Z">
          <params>
            <param index="0">
              <value>
                <![CDATA[public void ua.com.rozetka.tests.Search.searchResultsForContainsSearchQuery()]]>
              </value>
            </param>
          </params>
          <reporter-output>
          </reporter-output>
        </test-method> <!-- logTestStart -->
        <test-method status="PASS" signature="setUpTestData(java.lang.String, java.lang.String, java.lang.String, java.lang.String, java.lang.String)[pri:0, instance:ua.com.rozetka.tests.Search@61d22f35]" name="setUpTestData" is-config="true" duration-ms="0" started-at="2015-01-11T00:55:13Z" finished-at="2015-01-11T00:55:13Z">
          <params>
            <param index="0">
              <value>
                <![CDATA[Forrest Gump]]>
              </value>
            </param>
            <param index="1">
              <value>
                <![CDATA[forrest.gump@run.forrest.run]]>
              </value>
            </param>
            <param index="2">
              <value>
                <![CDATA[QWer!@#$]]>
              </value>
            </param>
            <param index="3">
              <value>
                <![CDATA[+380101231231]]>
              </value>
            </param>
            <param index="4">
              <value>
                <![CDATA[Apple MacBook Pro]]>
              </value>
            </param>
          </params>
          <reporter-output>
          </reporter-output>
        </test-method> <!-- setUpTestData -->
        <test-method status="PASS" signature="searchResultsForContainsSearchQuery()[pri:0, instance:ua.com.rozetka.tests.Search@61d22f35]" name="searchResultsForContainsSearchQuery" duration-ms="6817" started-at="2015-01-11T00:55:13Z" finished-at="2015-01-11T00:55:20Z">
          <reporter-output>
          </reporter-output>
        </test-method> <!-- searchResultsForContainsSearchQuery -->
        <test-method status="PASS" signature="finish(java.lang.reflect.Method)[pri:0, instance:ua.com.rozetka.tests.Search@61d22f35]" name="finish" is-config="true" duration-ms="2" started-at="2015-01-11T00:55:20Z" finished-at="2015-01-11T00:55:20Z">
          <params>
            <param index="0">
              <value>
                <![CDATA[public void ua.com.rozetka.tests.Search.searchResultsForContainsSearchQuery()]]>
              </value>
            </param>
          </params>
          <reporter-output>
          </reporter-output>
        </test-method> <!-- finish -->
        <test-method status="PASS" signature="closeBrowser()[pri:0, instance:ua.com.rozetka.tests.Search@61d22f35]" name="closeBrowser" is-config="true" duration-ms="1895" started-at="2015-01-11T00:55:20Z" finished-at="2015-01-11T00:55:22Z">
          <reporter-output>
          </reporter-output>
        </test-method> <!-- closeBrowser -->
      </class> <!-- ua.com.rozetka.tests.Search -->
    </test> <!-- Search -->
    <test name="Account" duration-ms="134863" started-at="2015-01-10T19:25:22Z" finished-at="2015-01-10T19:27:37Z">
      <class name="ua.com.rozetka.tests.AccountCreation">
        <test-method status="PASS" signature="setUpBrowser(java.lang.String, java.lang.String, java.lang.String, java.lang.String)[pri:0, instance:ua.com.rozetka.tests.AccountCreation@24f0548c]" name="setUpBrowser" is-config="true" duration-ms="19424" started-at="2015-01-11T00:55:22Z" finished-at="2015-01-11T00:55:41Z">
          <params>
            <param index="0">
              <value>
                <![CDATA[chrome]]>
              </value>
            </param>
            <param index="1">
              <value>
                <![CDATA[1]]>
              </value>
            </param>
            <param index="2">
              <value>
                <![CDATA[40]]>
              </value>
            </param>
            <param index="3">
              <value>
                <![CDATA[http://www.rozetka.com.ua]]>
              </value>
            </param>
          </params>
          <reporter-output>
          </reporter-output>
        </test-method> <!-- setUpBrowser -->
        <test-method status="PASS" signature="logTestStart(java.lang.reflect.Method)[pri:0, instance:ua.com.rozetka.tests.AccountCreation@24f0548c]" name="logTestStart" is-config="true" duration-ms="2" started-at="2015-01-11T00:56:34Z" finished-at="2015-01-11T00:56:34Z">
          <params>
            <param index="0">
              <value>
                <![CDATA[public void ua.com.rozetka.tests.AccountCreation.accountCreationTest()]]>
              </value>
            </param>
          </params>
          <reporter-output>
          </reporter-output>
        </test-method> <!-- logTestStart -->
        <test-method status="PASS" signature="accountCreationTest()[pri:0, instance:ua.com.rozetka.tests.AccountCreation@24f0548c]" name="accountCreationTest" duration-ms="60344" started-at="2015-01-11T00:56:34Z" finished-at="2015-01-11T00:57:34Z">
          <reporter-output>
          </reporter-output>
        </test-method> <!-- accountCreationTest -->
        <test-method status="PASS" signature="setUpTestData(java.lang.String, java.lang.String, java.lang.String, java.lang.String, java.lang.String)[pri:0, instance:ua.com.rozetka.tests.AccountCreation@24f0548c]" name="setUpTestData" is-config="true" duration-ms="0" started-at="2015-01-11T00:56:34Z" finished-at="2015-01-11T00:56:34Z">
          <params>
            <param index="0">
              <value>
                <![CDATA[Forrest Gump]]>
              </value>
            </param>
            <param index="1">
              <value>
                <![CDATA[forrest.gump@run.forrest.run]]>
              </value>
            </param>
            <param index="2">
              <value>
                <![CDATA[QWer!@#$]]>
              </value>
            </param>
            <param index="3">
              <value>
                <![CDATA[+380101231231]]>
              </value>
            </param>
            <param index="4">
              <value>
                <![CDATA[Apple MacBook Pro]]>
              </value>
            </param>
          </params>
          <reporter-output>
          </reporter-output>
        </test-method> <!-- setUpTestData -->
        <test-method status="PASS" signature="finish(java.lang.reflect.Method)[pri:0, instance:ua.com.rozetka.tests.AccountCreation@24f0548c]" name="finish" is-config="true" duration-ms="1" started-at="2015-01-11T00:57:34Z" finished-at="2015-01-11T00:57:34Z">
          <params>
            <param index="0">
              <value>
                <![CDATA[public void ua.com.rozetka.tests.AccountCreation.accountCreationTest()]]>
              </value>
            </param>
          </params>
          <reporter-output>
          </reporter-output>
        </test-method> <!-- finish -->
        <test-method status="PASS" signature="closeBrowser()[pri:0, instance:ua.com.rozetka.tests.AccountCreation@24f0548c]" name="closeBrowser" is-config="true" duration-ms="2364" started-at="2015-01-11T00:57:34Z" finished-at="2015-01-11T00:57:37Z">
          <reporter-output>
          </reporter-output>
        </test-method> <!-- closeBrowser -->
      </class> <!-- ua.com.rozetka.tests.AccountCreation -->
      <class name="ua.com.rozetka.tests.Authorization">
        <test-method status="PASS" signature="logTestStart(java.lang.reflect.Method)[pri:0, instance:ua.com.rozetka.tests.Authorization@1e3ec646]" name="logTestStart" is-config="true" duration-ms="1" started-at="2015-01-11T00:55:41Z" finished-at="2015-01-11T00:55:41Z">
          <params>
            <param index="0">
              <value>
                <![CDATA[public void ua.com.rozetka.tests.Authorization.logInTest()]]>
              </value>
            </param>
          </params>
          <reporter-output>
          </reporter-output>
        </test-method> <!-- logTestStart -->
        <test-method status="PASS" signature="setUpTestData(java.lang.String, java.lang.String, java.lang.String, java.lang.String, java.lang.String)[pri:0, instance:ua.com.rozetka.tests.Authorization@1e3ec646]" name="setUpTestData" is-config="true" duration-ms="1" started-at="2015-01-11T00:55:41Z" finished-at="2015-01-11T00:55:41Z">
          <params>
            <param index="0">
              <value>
                <![CDATA[Forrest Gump]]>
              </value>
            </param>
            <param index="1">
              <value>
                <![CDATA[forrest.gump@run.forrest.run]]>
              </value>
            </param>
            <param index="2">
              <value>
                <![CDATA[QWer!@#$]]>
              </value>
            </param>
            <param index="3">
              <value>
                <![CDATA[+380101231231]]>
              </value>
            </param>
            <param index="4">
              <value>
                <![CDATA[Apple MacBook Pro]]>
              </value>
            </param>
          </params>
          <reporter-output>
          </reporter-output>
        </test-method> <!-- setUpTestData -->
        <test-method status="PASS" signature="logInTest()[pri:0, instance:ua.com.rozetka.tests.Authorization@1e3ec646]" name="logInTest" duration-ms="5255" started-at="2015-01-11T00:55:41Z" finished-at="2015-01-11T00:55:46Z">
          <reporter-output>
          </reporter-output>
        </test-method> <!-- logInTest -->
        <test-method status="PASS" signature="finish(java.lang.reflect.Method)[pri:0, instance:ua.com.rozetka.tests.Authorization@1e3ec646]" name="finish" is-config="true" duration-ms="2" started-at="2015-01-11T00:55:46Z" finished-at="2015-01-11T00:55:46Z">
          <params>
            <param index="0">
              <value>
                <![CDATA[public void ua.com.rozetka.tests.Authorization.logInTest()]]>
              </value>
            </param>
          </params>
          <reporter-output>
          </reporter-output>
        </test-method> <!-- finish -->
        <test-method status="PASS" signature="logTestStart(java.lang.reflect.Method)[pri:0, instance:ua.com.rozetka.tests.Authorization@1e3ec646]" name="logTestStart" is-config="true" duration-ms="2" started-at="2015-01-11T00:55:46Z" finished-at="2015-01-11T00:55:46Z">
          <params>
            <param index="0">
              <value>
                <![CDATA[public void ua.com.rozetka.tests.Authorization.logOutTest()]]>
              </value>
            </param>
          </params>
          <reporter-output>
          </reporter-output>
        </test-method> <!-- logTestStart -->
        <test-method status="PASS" signature="logOutTest()[pri:0, instance:ua.com.rozetka.tests.Authorization@1e3ec646]" name="logOutTest" duration-ms="47455" started-at="2015-01-11T00:55:46Z" finished-at="2015-01-11T00:56:34Z">
          <reporter-output>
          </reporter-output>
        </test-method> <!-- logOutTest -->
        <test-method status="PASS" signature="setUpTestData(java.lang.String, java.lang.String, java.lang.String, java.lang.String, java.lang.String)[pri:0, instance:ua.com.rozetka.tests.Authorization@1e3ec646]" name="setUpTestData" is-config="true" duration-ms="0" started-at="2015-01-11T00:55:46Z" finished-at="2015-01-11T00:55:46Z">
          <params>
            <param index="0">
              <value>
                <![CDATA[Forrest Gump]]>
              </value>
            </param>
            <param index="1">
              <value>
                <![CDATA[forrest.gump@run.forrest.run]]>
              </value>
            </param>
            <param index="2">
              <value>
                <![CDATA[QWer!@#$]]>
              </value>
            </param>
            <param index="3">
              <value>
                <![CDATA[+380101231231]]>
              </value>
            </param>
            <param index="4">
              <value>
                <![CDATA[Apple MacBook Pro]]>
              </value>
            </param>
          </params>
          <reporter-output>
          </reporter-output>
        </test-method> <!-- setUpTestData -->
        <test-method status="PASS" signature="finish(java.lang.reflect.Method)[pri:0, instance:ua.com.rozetka.tests.Authorization@1e3ec646]" name="finish" is-config="true" duration-ms="1" started-at="2015-01-11T00:56:34Z" finished-at="2015-01-11T00:56:34Z">
          <params>
            <param index="0">
              <value>
                <![CDATA[public void ua.com.rozetka.tests.Authorization.logOutTest()]]>
              </value>
            </param>
          </params>
          <reporter-output>
          </reporter-output>
        </test-method> <!-- finish -->
      </class> <!-- ua.com.rozetka.tests.Authorization -->
    </test> <!-- Account -->
    <test name="Checkout" duration-ms="72354" started-at="2015-01-10T19:27:37Z" finished-at="2015-01-10T19:28:49Z">
      <class name="ua.com.rozetka.tests.Checkout">
        <test-method status="PASS" signature="setUpBrowser(java.lang.String, java.lang.String, java.lang.String, java.lang.String)[pri:0, instance:ua.com.rozetka.tests.Checkout@2c677b56]" name="setUpBrowser" is-config="true" duration-ms="14153" started-at="2015-01-11T00:57:37Z" finished-at="2015-01-11T00:57:51Z">
          <params>
            <param index="0">
              <value>
                <![CDATA[chrome]]>
              </value>
            </param>
            <param index="1">
              <value>
                <![CDATA[1]]>
              </value>
            </param>
            <param index="2">
              <value>
                <![CDATA[40]]>
              </value>
            </param>
            <param index="3">
              <value>
                <![CDATA[http://www.rozetka.com.ua]]>
              </value>
            </param>
          </params>
          <reporter-output>
          </reporter-output>
        </test-method> <!-- setUpBrowser -->
        <test-method status="PASS" signature="logTestStart(java.lang.reflect.Method)[pri:0, instance:ua.com.rozetka.tests.Checkout@2c677b56]" name="logTestStart" is-config="true" duration-ms="1" started-at="2015-01-11T00:57:51Z" finished-at="2015-01-11T00:57:51Z">
          <params>
            <param index="0">
              <value>
                <![CDATA[public void ua.com.rozetka.tests.Checkout.checkoutPositive()]]>
              </value>
            </param>
          </params>
          <reporter-output>
          </reporter-output>
        </test-method> <!-- logTestStart -->
        <test-method status="FAIL" signature="checkoutPositive()[pri:0, instance:ua.com.rozetka.tests.Checkout@2c677b56]" name="checkoutPositive" duration-ms="56171" started-at="2015-01-11T00:57:51Z" finished-at="2015-01-11T00:58:47Z">
          <exception class="java.lang.AssertionError">
            <message>
              <![CDATA[Couldn't add to cart product Apple MacBook Pro expected [true] but found [false]]]>
            </message>
            <full-stacktrace>
              <![CDATA[java.lang.AssertionError: Couldn't add to cart product Apple MacBook Pro expected [true] but found [false]
	at org.testng.Assert.fail(Assert.java:94)
	at org.testng.Assert.failNotEquals(Assert.java:494)
	at org.testng.Assert.assertTrue(Assert.java:42)
	at ua.com.rozetka.utils.Checker.failTest(Checker.java:50)
	at ua.com.rozetka.pages.SearchResultsPage.addToCart(SearchResultsPage.java:67)
	at ua.com.rozetka.tests.Checkout.checkoutPositive(Checkout.java:26)
	at sun.reflect.NativeMethodAccessorImpl.invoke0(Native Method)
	at sun.reflect.NativeMethodAccessorImpl.invoke(NativeMethodAccessorImpl.java:57)
	at sun.reflect.DelegatingMethodAccessorImpl.invoke(DelegatingMethodAccessorImpl.java:43)
	at java.lang.reflect.Method.invoke(Method.java:601)
	at org.testng.internal.MethodInvocationHelper.invokeMethod(MethodInvocationHelper.java:84)
	at org.testng.internal.Invoker.invokeMethod(Invoker.java:714)
	at org.testng.internal.Invoker.invokeTestMethod(Invoker.java:901)
	at org.testng.internal.Invoker.invokeTestMethods(Invoker.java:1231)
	at org.testng.internal.TestMethodWorker.invokeTestMethods(TestMethodWorker.java:127)
	at org.testng.internal.TestMethodWorker.run(TestMethodWorker.java:111)
	at org.testng.TestRunner.privateRun(TestRunner.java:767)
	at org.testng.TestRunner.run(TestRunner.java:617)
	at org.testng.SuiteRunner.runTest(SuiteRunner.java:335)
	at org.testng.SuiteRunner.runSequentially(SuiteRunner.java:330)
	at org.testng.SuiteRunner.privateRun(SuiteRunner.java:291)
	at org.testng.SuiteRunner.run(SuiteRunner.java:240)
	at org.testng.SuiteRunnerWorker.runSuite(SuiteRunnerWorker.java:52)
	at org.testng.SuiteRunnerWorker.run(SuiteRunnerWorker.java:86)
	at org.testng.TestNG.runSuitesSequentially(TestNG.java:1224)
	at org.testng.TestNG.runSuitesLocally(TestNG.java:1149)
	at org.testng.TestNG.run(TestNG.java:1057)
	at org.testng.remote.RemoteTestNG.run(RemoteTestNG.java:111)
	at org.testng.remote.RemoteTestNG.initAndRun(RemoteTestNG.java:204)
	at org.testng.remote.RemoteTestNG.main(RemoteTestNG.java:175)
]]>
            </full-stacktrace>
          </exception> <!-- java.lang.AssertionError -->
          <reporter-output>
          </reporter-output>
        </test-method> <!-- checkoutPositive -->
        <test-method status="PASS" signature="setUpTestData(java.lang.String, java.lang.String, java.lang.String, java.lang.String, java.lang.String)[pri:0, instance:ua.com.rozetka.tests.Checkout@2c677b56]" name="setUpTestData" is-config="true" duration-ms="0" started-at="2015-01-11T00:57:51Z" finished-at="2015-01-11T00:57:51Z">
          <params>
            <param index="0">
              <value>
                <![CDATA[Forrest Gump]]>
              </value>
            </param>
            <param index="1">
              <value>
                <![CDATA[forrest.gump@run.forrest.run]]>
              </value>
            </param>
            <param index="2">
              <value>
                <![CDATA[QWer!@#$]]>
              </value>
            </param>
            <param index="3">
              <value>
                <![CDATA[+380101231231]]>
              </value>
            </param>
            <param index="4">
              <value>
                <![CDATA[Apple MacBook Pro]]>
              </value>
            </param>
          </params>
          <reporter-output>
          </reporter-output>
        </test-method> <!-- setUpTestData -->
        <test-method status="PASS" signature="finish(java.lang.reflect.Method)[pri:0, instance:ua.com.rozetka.tests.Checkout@2c677b56]" name="finish" is-config="true" duration-ms="1" started-at="2015-01-11T00:58:47Z" finished-at="2015-01-11T00:58:47Z">
          <params>
            <param index="0">
              <value>
                <![CDATA[public void ua.com.rozetka.tests.Checkout.checkoutPositive()]]>
              </value>
            </param>
          </params>
          <reporter-output>
          </reporter-output>
        </test-method> <!-- finish -->
        <test-method status="PASS" signature="closeBrowser()[pri:0, instance:ua.com.rozetka.tests.Checkout@2c677b56]" name="closeBrowser" is-config="true" duration-ms="2017" started-at="2015-01-11T00:58:47Z" finished-at="2015-01-11T00:58:49Z">
          <reporter-output>
          </reporter-output>
        </test-method> <!-- closeBrowser -->
      </class> <!-- ua.com.rozetka.tests.Checkout -->
    </test> <!-- Checkout -->
  </suite> <!-- LessonFive_Rozetka -->
</testng-results>
