<?xml version="1.0" encoding="UTF-8"?>
<!-- Generated by org.testng.reporters.JUnitXMLReporter -->
<testsuite hostname="PravinAdmin" name="Account" tests="3" failures="0" timestamp="10 Jan 2015 19:27:37 GMT" time="134.863" errors="0">
  <testcase name="logInTest" time="5.255" classname="ua.com.rozetka.tests.Authorization"/>
  <testcase name="logOutTest" time="47.455" classname="ua.com.rozetka.tests.Authorization"/>
  <testcase name="accountCreationTest" time="60.344" classname="ua.com.rozetka.tests.AccountCreation"/>
</testsuite> <!-- Account -->
