<?xml version="1.0" encoding="UTF-8"?>
<!-- Generated by org.testng.reporters.JUnitXMLReporter -->
<testsuite hostname="PravinAdmin" name="Search" tests="3" failures="0" timestamp="10 Jan 2015 19:25:22 GMT" time="36.567" errors="0">
  <testcase name="searchQueryRemainsInSearchBoxTest" time="9.158" classname="ua.com.rozetka.tests.Search"/>
  <testcase name="searchResultsContainSearchProductTest" time="4.023" classname="ua.com.rozetka.tests.Search"/>
  <testcase name="searchResultsForContainsSearchQuery" time="6.817" classname="ua.com.rozetka.tests.Search"/>
</testsuite> <!-- Search -->
