<?xml version="1.0" encoding="UTF-8"?>
<!-- Generated by org.testng.reporters.JUnitXMLReporter -->
<testsuite hostname="PravinAdmin" name="Checkout" tests="1" failures="0" timestamp="10 Jan 2015 19:24:29 GMT" time="50.288" errors="0">
  <testcase name="@BeforeTest setUpBrowser" time="0.0" classname="ua.com.rozetka.tests.Checkout">
    <failure type="org.openqa.selenium.WebDriverException" message="Failed to connect to binary FirefoxBinary(C:\Program Files (x86)\Mozilla Firefox\firefox.exe) on port 7055; process output follows: 
Laasya\\AppData\\Local\\Temp\\anonymous7383047653754006228webdriver-profile\\extensions\\fxdriver@googlecode.com&amp;quot;,&amp;quot;mtime&amp;quot;:1420917819810,&amp;quot;rdfTime&amp;quot;:1420917819733}}}]
1420917820526	addons.xpi-utils	DEBUG	Opening XPI database C:\Users\Laasya\AppData\Local\Temp\anonymous7383047653754006228webdriver-profile\extensions.json
1420917820529	addons.xpi	DEBUG	New add-on fxdriver@googlecode.com installed in app-profile
*** Blocklist::_loadBlocklistFromFile: blocklist is disabled
1420917820757	addons.xpi-utils	DEBUG	Make addon app-profile:fxdriver@googlecode.com visible
1420917820759	DeferredSave.extensions.json	DEBUG	Save changes
1420917820760	DeferredSave.extensions.json	DEBUG	Save changes
1420917820761	addons.xpi	DEBUG	New add-on {972ce4c6-7e08-4474-a285-3208198ce6fd} installed in app-global
1420917820766	addons.xpi-utils	DEBUG	Make addon app-global:{972ce4c6-7e08-4474-a285-3208198ce6fd} visible
1420917820766	DeferredSave.extensions.json	DEBUG	Save changes
1420917820766	DeferredSave.extensions.json	DEBUG	Save changes
1420917820788	addons.xpi	DEBUG	Updating database with changes to installed add-ons
1420917820789	addons.xpi-utils	DEBUG	Updating add-on states
1420917820790	addons.xpi-utils	DEBUG	Writing add-ons list
1420917820802	addons.manager	DEBUG	Registering shutdown blocker for XPIProvider
1420917820803	addons.manager	DEBUG	Registering shutdown blocker for LightweightThemeManager
1420917820805	addons.manager	DEBUG	Registering shutdown blocker for OpenH264Provider
1420917820806	addons.manager	DEBUG	Registering shutdown blocker for PluginProvider
1420917822944	DeferredSave.extensions.json	DEBUG	Starting timer
1420917823015	DeferredSave.extensions.json	DEBUG	Starting write
1420917823030	addons.manager	DEBUG	shutdown
1420917823031	addons.manager	DEBUG	Calling shutdown blocker for XPIProvider
1420917823031	addons.xpi	DEBUG	shutdown
1420917823032	addons.xpi-utils	DEBUG	shutdown
1420917823033	addons.manager	DEBUG	Calling shutdown blocker for LightweightThemeManager
1420917823034	addons.manager	DEBUG	Calling shutdown blocker for OpenH264Provider
1420917823036	addons.manager	DEBUG	Calling shutdown blocker for PluginProvider
1420917823326	DeferredSave.extensions.json	DEBUG	Write succeeded
1420917823327	addons.xpi-utils	DEBUG	XPI Database saved, setting schema version preference to 16
1420917823327	addons.xpi	DEBUG	Notifying XPI shutdown observers
1420917823333	addons.manager	DEBUG	Async provider shutdown done
1420917823915	addons.manager	DEBUG	Loaded provider scope for resource://gre/modules/addons/XPIProvider.jsm: [&amp;quot;XPIProvider&amp;quot;]
1420917823919	addons.manager	DEBUG	Loaded provider scope for resource://gre/modules/LightweightThemeManager.jsm: [&amp;quot;LightweightThemeManager&amp;quot;]
1420917823927	addons.xpi	DEBUG	startup
1420917823929	addons.xpi	DEBUG	Skipping unavailable install location app-system-local
1420917823930	addons.xpi	DEBUG	Skipping unavailable install location app-system-share
1420917823932	addons.xpi	INFO	Mapping {972ce4c6-7e08-4474-a285-3208198ce6fd} to C:\Program Files (x86)\Mozilla Firefox\browser\extensions\{972ce4c6-7e08-4474-a285-3208198ce6fd}
1420917823935	addons.xpi	INFO	Mapping fxdriver@googlecode.com to C:\Users\Laasya\AppData\Local\Temp\anonymous7383047653754006228webdriver-profile\extensions\fxdriver@googlecode.com
1420917823935	addons.xpi	DEBUG	Ignoring file entry whose name is not a valid add-on ID: C:\Users\Laasya\AppData\Local\Temp\anonymous7383047653754006228webdriver-profile\extensions\webdriver-staging
1420917823936	addons.xpi	DEBUG	checkForChanges
1420917823959	addons.xpi	DEBUG	No changes found
1420917823967	addons.manager	DEBUG	Registering shutdown blocker for XPIProvider
1420917823968	addons.manager	DEBUG	Registering shutdown blocker for LightweightThemeManager
1420917823971	addons.manager	DEBUG	Registering shutdown blocker for OpenH264Provider
1420917823972	addons.manager	DEBUG	Registering shutdown blocker for PluginProvider
*** Blocklist::_preloadBlocklistFile: blocklist is disabled
1420917826039	addons.manager	DEBUG	Registering shutdown blocker for &amp;lt;unnamed-provider&amp;gt;

Build info: version: &amp;apos;2.42.0&amp;apos;, revision: &amp;apos;5e824302019c86eae9c8c3ca9155e7307b410cf8&amp;apos;, time: &amp;apos;2014-05-24 09:48:41&amp;apos;
System info: host: &amp;apos;PravinAdmin&amp;apos;, ip: &amp;apos;192.168.0.100&amp;apos;, os.name: &amp;apos;Windows 8&amp;apos;, os.arch: &amp;apos;amd64&amp;apos;, os.version: &amp;apos;6.2&amp;apos;, java.version: &amp;apos;1.7.0_10&amp;apos;
Driver info: driver.version: FirefoxDriver">
      <![CDATA[org.openqa.selenium.WebDriverException: Failed to connect to binary FirefoxBinary(C:\Program Files (x86)\Mozilla Firefox\firefox.exe) on port 7055; process output follows: 
Laasya\\AppData\\Local\\Temp\\anonymous7383047653754006228webdriver-profile\\extensions\\fxdriver@googlecode.com","mtime":1420917819810,"rdfTime":1420917819733}}}]
1420917820526	addons.xpi-utils	DEBUG	Opening XPI database C:\Users\Laasya\AppData\Local\Temp\anonymous7383047653754006228webdriver-profile\extensions.json
1420917820529	addons.xpi	DEBUG	New add-on fxdriver@googlecode.com installed in app-profile
*** Blocklist::_loadBlocklistFromFile: blocklist is disabled
1420917820757	addons.xpi-utils	DEBUG	Make addon app-profile:fxdriver@googlecode.com visible
1420917820759	DeferredSave.extensions.json	DEBUG	Save changes
1420917820760	DeferredSave.extensions.json	DEBUG	Save changes
1420917820761	addons.xpi	DEBUG	New add-on {972ce4c6-7e08-4474-a285-3208198ce6fd} installed in app-global
1420917820766	addons.xpi-utils	DEBUG	Make addon app-global:{972ce4c6-7e08-4474-a285-3208198ce6fd} visible
1420917820766	DeferredSave.extensions.json	DEBUG	Save changes
1420917820766	DeferredSave.extensions.json	DEBUG	Save changes
1420917820788	addons.xpi	DEBUG	Updating database with changes to installed add-ons
1420917820789	addons.xpi-utils	DEBUG	Updating add-on states
1420917820790	addons.xpi-utils	DEBUG	Writing add-ons list
1420917820802	addons.manager	DEBUG	Registering shutdown blocker for XPIProvider
1420917820803	addons.manager	DEBUG	Registering shutdown blocker for LightweightThemeManager
1420917820805	addons.manager	DEBUG	Registering shutdown blocker for OpenH264Provider
1420917820806	addons.manager	DEBUG	Registering shutdown blocker for PluginProvider
1420917822944	DeferredSave.extensions.json	DEBUG	Starting timer
1420917823015	DeferredSave.extensions.json	DEBUG	Starting write
1420917823030	addons.manager	DEBUG	shutdown
1420917823031	addons.manager	DEBUG	Calling shutdown blocker for XPIProvider
1420917823031	addons.xpi	DEBUG	shutdown
1420917823032	addons.xpi-utils	DEBUG	shutdown
1420917823033	addons.manager	DEBUG	Calling shutdown blocker for LightweightThemeManager
1420917823034	addons.manager	DEBUG	Calling shutdown blocker for OpenH264Provider
1420917823036	addons.manager	DEBUG	Calling shutdown blocker for PluginProvider
1420917823326	DeferredSave.extensions.json	DEBUG	Write succeeded
1420917823327	addons.xpi-utils	DEBUG	XPI Database saved, setting schema version preference to 16
1420917823327	addons.xpi	DEBUG	Notifying XPI shutdown observers
1420917823333	addons.manager	DEBUG	Async provider shutdown done
1420917823915	addons.manager	DEBUG	Loaded provider scope for resource://gre/modules/addons/XPIProvider.jsm: ["XPIProvider"]
1420917823919	addons.manager	DEBUG	Loaded provider scope for resource://gre/modules/LightweightThemeManager.jsm: ["LightweightThemeManager"]
1420917823927	addons.xpi	DEBUG	startup
1420917823929	addons.xpi	DEBUG	Skipping unavailable install location app-system-local
1420917823930	addons.xpi	DEBUG	Skipping unavailable install location app-system-share
1420917823932	addons.xpi	INFO	Mapping {972ce4c6-7e08-4474-a285-3208198ce6fd} to C:\Program Files (x86)\Mozilla Firefox\browser\extensions\{972ce4c6-7e08-4474-a285-3208198ce6fd}
1420917823935	addons.xpi	INFO	Mapping fxdriver@googlecode.com to C:\Users\Laasya\AppData\Local\Temp\anonymous7383047653754006228webdriver-profile\extensions\fxdriver@googlecode.com
1420917823935	addons.xpi	DEBUG	Ignoring file entry whose name is not a valid add-on ID: C:\Users\Laasya\AppData\Local\Temp\anonymous7383047653754006228webdriver-profile\extensions\webdriver-staging
1420917823936	addons.xpi	DEBUG	checkForChanges
1420917823959	addons.xpi	DEBUG	No changes found
1420917823967	addons.manager	DEBUG	Registering shutdown blocker for XPIProvider
1420917823968	addons.manager	DEBUG	Registering shutdown blocker for LightweightThemeManager
1420917823971	addons.manager	DEBUG	Registering shutdown blocker for OpenH264Provider
1420917823972	addons.manager	DEBUG	Registering shutdown blocker for PluginProvider
*** Blocklist::_preloadBlocklistFile: blocklist is disabled
1420917826039	addons.manager	DEBUG	Registering shutdown blocker for <unnamed-provider>

Build info: version: '2.42.0', revision: '5e824302019c86eae9c8c3ca9155e7307b410cf8', time: '2014-05-24 09:48:41'
System info: host: 'PravinAdmin', ip: '192.168.0.100', os.name: 'Windows 8', os.arch: 'amd64', os.version: '6.2', java.version: '1.7.0_10'
Driver info: driver.version: FirefoxDriver
	at org.openqa.selenium.firefox.internal.NewProfileExtensionConnection.start(NewProfileExtensionConnection.java:130)
	at org.openqa.selenium.firefox.FirefoxDriver.startClient(FirefoxDriver.java:246)
	at org.openqa.selenium.remote.RemoteWebDriver.<init>(RemoteWebDriver.java:115)
	at org.openqa.selenium.firefox.FirefoxDriver.<init>(FirefoxDriver.java:191)
	at org.openqa.selenium.firefox.FirefoxDriver.<init>(FirefoxDriver.java:186)
	at org.openqa.selenium.firefox.FirefoxDriver.<init>(FirefoxDriver.java:182)
	at org.openqa.selenium.firefox.FirefoxDriver.<init>(FirefoxDriver.java:95)
	at ua.com.rozetka.utils.Browser.open(Browser.java:36)
	at ua.com.rozetka.tests.BaseTest.setUpBrowser(BaseTest.java:20)
Caused by: org.openqa.selenium.firefox.NotConnectedException: Unable to connect to host 127.0.0.1 on port 7055 after 45000 ms. Firefox console output:
Laasya\\AppData\\Local\\Temp\\anonymous7383047653754006228webdriver-profile\\extensions\\fxdriver@googlecode.com","mtime":1420917819810,"rdfTime":1420917819733}}}]
1420917820526	addons.xpi-utils	DEBUG	Opening XPI database C:\Users\Laasya\AppData\Local\Temp\anonymous7383047653754006228webdriver-profile\extensions.json
1420917820529	addons.xpi	DEBUG	New add-on fxdriver@googlecode.com installed in app-profile
*** Blocklist::_loadBlocklistFromFile: blocklist is disabled
1420917820757	addons.xpi-utils	DEBUG	Make addon app-profile:fxdriver@googlecode.com visible
1420917820759	DeferredSave.extensions.json	DEBUG	Save changes
1420917820760	DeferredSave.extensions.json	DEBUG	Save changes
1420917820761	addons.xpi	DEBUG	New add-on {972ce4c6-7e08-4474-a285-3208198ce6fd} installed in app-global
1420917820766	addons.xpi-utils	DEBUG	Make addon app-global:{972ce4c6-7e08-4474-a285-3208198ce6fd} visible
1420917820766	DeferredSave.extensions.json	DEBUG	Save changes
1420917820766	DeferredSave.extensions.json	DEBUG	Save changes
1420917820788	addons.xpi	DEBUG	Updating database with changes to installed add-ons
1420917820789	addons.xpi-utils	DEBUG	Updating add-on states
1420917820790	addons.xpi-utils	DEBUG	Writing add-ons list
1420917820802	addons.manager	DEBUG	Registering shutdown blocker for XPIProvider
1420917820803	addons.manager	DEBUG	Registering shutdown blocker for LightweightThemeManager
1420917820805	addons.manager	DEBUG	Registering shutdown blocker for OpenH264Provider
1420917820806	addons.manager	DEBUG	Registering shutdown blocker for PluginProvider
1420917822944	DeferredSave.extensions.json	DEBUG	Starting timer
1420917823015	DeferredSave.extensions.json	DEBUG	Starting write
1420917823030	addons.manager	DEBUG	shutdown
1420917823031	addons.manager	DEBUG	Calling shutdown blocker for XPIProvider
1420917823031	addons.xpi	DEBUG	shutdown
1420917823032	addons.xpi-utils	DEBUG	shutdown
1420917823033	addons.manager	DEBUG	Calling shutdown blocker for LightweightThemeManager
1420917823034	addons.manager	DEBUG	Calling shutdown blocker for OpenH264Provider
1420917823036	addons.manager	DEBUG	Calling shutdown blocker for PluginProvider
1420917823326	DeferredSave.extensions.json	DEBUG	Write succeeded
1420917823327	addons.xpi-utils	DEBUG	XPI Database saved, setting schema version preference to 16
1420917823327	addons.xpi	DEBUG	Notifying XPI shutdown observers
1420917823333	addons.manager	DEBUG	Async provider shutdown done
1420917823915	addons.manager	DEBUG	Loaded provider scope for resource://gre/modules/addons/XPIProvider.jsm: ["XPIProvider"]
1420917823919	addons.manager	DEBUG	Loaded provider scope for resource://gre/modules/LightweightThemeManager.jsm: ["LightweightThemeManager"]
1420917823927	addons.xpi	DEBUG	startup
1420917823929	addons.xpi	DEBUG	Skipping unavailable install location app-system-local
1420917823930	addons.xpi	DEBUG	Skipping unavailable install location app-system-share
1420917823932	addons.xpi	INFO	Mapping {972ce4c6-7e08-4474-a285-3208198ce6fd} to C:\Program Files (x86)\Mozilla Firefox\browser\extensions\{972ce4c6-7e08-4474-a285-3208198ce6fd}
1420917823935	addons.xpi	INFO	Mapping fxdriver@googlecode.com to C:\Users\Laasya\AppData\Local\Temp\anonymous7383047653754006228webdriver-profile\extensions\fxdriver@googlecode.com
1420917823935	addons.xpi	DEBUG	Ignoring file entry whose name is not a valid add-on ID: C:\Users\Laasya\AppData\Local\Temp\anonymous7383047653754006228webdriver-profile\extensions\webdriver-staging
1420917823936	addons.xpi	DEBUG	checkForChanges
1420917823959	addons.xpi	DEBUG	No changes found
1420917823967	addons.manager	DEBUG	Registering shutdown blocker for XPIProvider
1420917823968	addons.manager	DEBUG	Registering shutdown blocker for LightweightThemeManager
1420917823971	addons.manager	DEBUG	Registering shutdown blocker for OpenH264Provider
1420917823972	addons.manager	DEBUG	Registering shutdown blocker for PluginProvider
*** Blocklist::_preloadBlocklistFile: blocklist is disabled
1420917826039	addons.manager	DEBUG	Registering shutdown blocker for <unnamed-provider>

	at org.openqa.selenium.firefox.internal.NewProfileExtensionConnection.start(NewProfileExtensionConnection.java:118)
	... 33 more
... Removed 25 stack frames]]>
    </failure>
  </testcase> <!-- @BeforeTest setUpBrowser -->
  <testcase name="@BeforeMethod logTestStart" time="0.0" classname="ua.com.rozetka.tests.Checkout">
    <skipped/>
  </testcase> <!-- @BeforeMethod logTestStart -->
  <testcase name="@BeforeMethod setUpTestData" time="0.0" classname="ua.com.rozetka.tests.Checkout">
    <skipped/>
  </testcase> <!-- @BeforeMethod setUpTestData -->
  <testcase name="@AfterTest closeBrowser" time="0.0" classname="ua.com.rozetka.tests.Checkout">
    <failure type="java.lang.NullPointerException">
      <![CDATA[java.lang.NullPointerException
	at ua.com.rozetka.utils.Browser.tearDown(Browser.java:48)
	at ua.com.rozetka.tests.BaseTest.closeBrowser(BaseTest.java:57)
... Removed 25 stack frames]]>
    </failure>
  </testcase> <!-- @AfterTest closeBrowser -->
  <testcase name="checkoutPositive" time="0.001" classname="ua.com.rozetka.tests.Checkout">
    <skipped/>
  </testcase> <!-- checkoutPositive -->
</testsuite> <!-- Checkout -->
