<?xml version="1.0" encoding="UTF-8"?>
<!-- Generated by org.testng.reporters.JUnitXMLReporter -->
<testsuite hostname="PravinAdmin" name="Checkout" tests="1" failures="0" timestamp="11 Jan 2015 09:38:00 GMT" time="0.015" errors="0">
  <testcase name="@BeforeTest setUpBrowser" time="0.0" classname="ua.com.rozetka.tests.Checkout">
    <failure type="java.lang.NullPointerException">
      <![CDATA[java.lang.NullPointerException
	at ua.com.rozetka.utils.Browser.open(Browser.java:57)
	at ua.com.rozetka.tests.BaseTest.setUpBrowser(BaseTest.java:20)
... Removed 25 stack frames]]>
    </failure>
  </testcase> <!-- @BeforeTest setUpBrowser -->
  <testcase name="@BeforeMethod logTestStart" time="0.0" classname="ua.com.rozetka.tests.Checkout">
    <skipped/>
  </testcase> <!-- @BeforeMethod logTestStart -->
  <testcase name="@BeforeMethod setUpTestData" time="0.0" classname="ua.com.rozetka.tests.Checkout">
    <skipped/>
  </testcase> <!-- @BeforeMethod setUpTestData -->
  <testcase name="checkoutPositive" time="0.0" classname="ua.com.rozetka.tests.Checkout">
    <skipped/>
  </testcase> <!-- checkoutPositive -->
</testsuite> <!-- Checkout -->
