<?xml version="1.0" encoding="UTF-8"?>
<!-- Generated by org.testng.reporters.JUnitXMLReporter -->
<testsuite hostname="PravinAdmin" name="Search" tests="3" failures="0" timestamp="10 Jan 2015 19:22:48 GMT" time="52.494" errors="0">
  <testcase name="@BeforeTest setUpBrowser" time="0.0" classname="ua.com.rozetka.tests.Search">
    <failure type="org.openqa.selenium.WebDriverException" message="Failed to connect to binary FirefoxBinary(C:\Program Files (x86)\Mozilla Firefox\firefox.exe) on port 7055; process output follows: 
s
1420917719587	DeferredSave.extensions.json	DEBUG	Save changes
1420917719588	addons.xpi	DEBUG	New add-on {972ce4c6-7e08-4474-a285-3208198ce6fd} installed in app-global
1420917719593	addons.xpi-utils	DEBUG	Make addon app-global:{972ce4c6-7e08-4474-a285-3208198ce6fd} visible
1420917719593	DeferredSave.extensions.json	DEBUG	Save changes
1420917719593	DeferredSave.extensions.json	DEBUG	Save changes
1420917719614	addons.xpi	DEBUG	Updating database with changes to installed add-ons
1420917719614	addons.xpi-utils	DEBUG	Updating add-on states
1420917719616	addons.xpi-utils	DEBUG	Writing add-ons list
1420917719627	addons.manager	DEBUG	Registering shutdown blocker for XPIProvider
1420917719628	addons.manager	DEBUG	Registering shutdown blocker for LightweightThemeManager
1420917719631	addons.manager	DEBUG	Registering shutdown blocker for OpenH264Provider
1420917719631	addons.manager	DEBUG	Registering shutdown blocker for PluginProvider
1420917721556	DeferredSave.extensions.json	DEBUG	Starting timer
1420917721616	DeferredSave.extensions.json	DEBUG	Starting write
1420917721800	addons.manager	DEBUG	shutdown
1420917721801	addons.manager	DEBUG	Calling shutdown blocker for XPIProvider
1420917721802	addons.xpi	DEBUG	shutdown
1420917721803	addons.xpi-utils	DEBUG	shutdown
1420917721804	addons.manager	DEBUG	Calling shutdown blocker for LightweightThemeManager
1420917721805	addons.manager	DEBUG	Calling shutdown blocker for OpenH264Provider
1420917721808	addons.manager	DEBUG	Calling shutdown blocker for PluginProvider
1420917722062	DeferredSave.extensions.json	DEBUG	Write succeeded
1420917722062	addons.xpi-utils	DEBUG	XPI Database saved, setting schema version preference to 16
1420917722063	addons.xpi	DEBUG	Notifying XPI shutdown observers
1420917722069	addons.manager	DEBUG	Async provider shutdown done
1420917723457	addons.manager	DEBUG	Loaded provider scope for resource://gre/modules/addons/XPIProvider.jsm: [&amp;quot;XPIProvider&amp;quot;]
1420917723462	addons.manager	DEBUG	Loaded provider scope for resource://gre/modules/LightweightThemeManager.jsm: [&amp;quot;LightweightThemeManager&amp;quot;]
1420917723476	addons.xpi	DEBUG	startup
1420917723479	addons.xpi	DEBUG	Skipping unavailable install location app-system-local
1420917723480	addons.xpi	DEBUG	Skipping unavailable install location app-system-share
1420917723484	addons.xpi	INFO	Mapping {972ce4c6-7e08-4474-a285-3208198ce6fd} to C:\Program Files (x86)\Mozilla Firefox\browser\extensions\{972ce4c6-7e08-4474-a285-3208198ce6fd}
1420917723489	addons.xpi	INFO	Mapping fxdriver@googlecode.com to C:\Users\Laasya\AppData\Local\Temp\anonymous8199362947020129337webdriver-profile\extensions\fxdriver@googlecode.com
1420917723489	addons.xpi	DEBUG	Ignoring file entry whose name is not a valid add-on ID: C:\Users\Laasya\AppData\Local\Temp\anonymous8199362947020129337webdriver-profile\extensions\webdriver-staging
1420917723490	addons.xpi	DEBUG	checkForChanges
1420917723533	addons.xpi	DEBUG	No changes found
1420917723549	addons.manager	DEBUG	Registering shutdown blocker for XPIProvider
1420917723550	addons.manager	DEBUG	Registering shutdown blocker for LightweightThemeManager
1420917723554	addons.manager	DEBUG	Registering shutdown blocker for OpenH264Provider
1420917723555	addons.manager	DEBUG	Registering shutdown blocker for PluginProvider
*** Blocklist::_preloadBlocklistFile: blocklist is disabled
1420917725811	addons.manager	DEBUG	Registering shutdown blocker for &amp;lt;unnamed-provider&amp;gt;
1420917738279	addons.manager	DEBUG	shutdown
1420917738280	addons.manager	DEBUG	Calling shutdown blocker for XPIProvider
1420917738281	addons.xpi	DEBUG	shutdown
1420917738282	addons.xpi	DEBUG	Notifying XPI shutdown observers
1420917738284	addons.manager	DEBUG	Calling shutdown blocker for LightweightThemeManager
1420917738286	addons.manager	DEBUG	Calling shutdown blocker for OpenH264Provider
1420917738290	addons.manager	DEBUG	Calling shutdown blocker for PluginProvider
1420917738291	addons.manager	DEBUG	Calling shutdown blocker for &amp;lt;unnamed-provider&amp;gt;
1420917738306	addons.manager	DEBUG	Async provider shutdown done

Build info: version: &amp;apos;2.42.0&amp;apos;, revision: &amp;apos;5e824302019c86eae9c8c3ca9155e7307b410cf8&amp;apos;, time: &amp;apos;2014-05-24 09:48:41&amp;apos;
System info: host: &amp;apos;PravinAdmin&amp;apos;, ip: &amp;apos;192.168.0.100&amp;apos;, os.name: &amp;apos;Windows 8&amp;apos;, os.arch: &amp;apos;amd64&amp;apos;, os.version: &amp;apos;6.2&amp;apos;, java.version: &amp;apos;1.7.0_10&amp;apos;
Driver info: driver.version: FirefoxDriver">
      <![CDATA[org.openqa.selenium.WebDriverException: Failed to connect to binary FirefoxBinary(C:\Program Files (x86)\Mozilla Firefox\firefox.exe) on port 7055; process output follows: 
s
1420917719587	DeferredSave.extensions.json	DEBUG	Save changes
1420917719588	addons.xpi	DEBUG	New add-on {972ce4c6-7e08-4474-a285-3208198ce6fd} installed in app-global
1420917719593	addons.xpi-utils	DEBUG	Make addon app-global:{972ce4c6-7e08-4474-a285-3208198ce6fd} visible
1420917719593	DeferredSave.extensions.json	DEBUG	Save changes
1420917719593	DeferredSave.extensions.json	DEBUG	Save changes
1420917719614	addons.xpi	DEBUG	Updating database with changes to installed add-ons
1420917719614	addons.xpi-utils	DEBUG	Updating add-on states
1420917719616	addons.xpi-utils	DEBUG	Writing add-ons list
1420917719627	addons.manager	DEBUG	Registering shutdown blocker for XPIProvider
1420917719628	addons.manager	DEBUG	Registering shutdown blocker for LightweightThemeManager
1420917719631	addons.manager	DEBUG	Registering shutdown blocker for OpenH264Provider
1420917719631	addons.manager	DEBUG	Registering shutdown blocker for PluginProvider
1420917721556	DeferredSave.extensions.json	DEBUG	Starting timer
1420917721616	DeferredSave.extensions.json	DEBUG	Starting write
1420917721800	addons.manager	DEBUG	shutdown
1420917721801	addons.manager	DEBUG	Calling shutdown blocker for XPIProvider
1420917721802	addons.xpi	DEBUG	shutdown
1420917721803	addons.xpi-utils	DEBUG	shutdown
1420917721804	addons.manager	DEBUG	Calling shutdown blocker for LightweightThemeManager
1420917721805	addons.manager	DEBUG	Calling shutdown blocker for OpenH264Provider
1420917721808	addons.manager	DEBUG	Calling shutdown blocker for PluginProvider
1420917722062	DeferredSave.extensions.json	DEBUG	Write succeeded
1420917722062	addons.xpi-utils	DEBUG	XPI Database saved, setting schema version preference to 16
1420917722063	addons.xpi	DEBUG	Notifying XPI shutdown observers
1420917722069	addons.manager	DEBUG	Async provider shutdown done
1420917723457	addons.manager	DEBUG	Loaded provider scope for resource://gre/modules/addons/XPIProvider.jsm: ["XPIProvider"]
1420917723462	addons.manager	DEBUG	Loaded provider scope for resource://gre/modules/LightweightThemeManager.jsm: ["LightweightThemeManager"]
1420917723476	addons.xpi	DEBUG	startup
1420917723479	addons.xpi	DEBUG	Skipping unavailable install location app-system-local
1420917723480	addons.xpi	DEBUG	Skipping unavailable install location app-system-share
1420917723484	addons.xpi	INFO	Mapping {972ce4c6-7e08-4474-a285-3208198ce6fd} to C:\Program Files (x86)\Mozilla Firefox\browser\extensions\{972ce4c6-7e08-4474-a285-3208198ce6fd}
1420917723489	addons.xpi	INFO	Mapping fxdriver@googlecode.com to C:\Users\Laasya\AppData\Local\Temp\anonymous8199362947020129337webdriver-profile\extensions\fxdriver@googlecode.com
1420917723489	addons.xpi	DEBUG	Ignoring file entry whose name is not a valid add-on ID: C:\Users\Laasya\AppData\Local\Temp\anonymous8199362947020129337webdriver-profile\extensions\webdriver-staging
1420917723490	addons.xpi	DEBUG	checkForChanges
1420917723533	addons.xpi	DEBUG	No changes found
1420917723549	addons.manager	DEBUG	Registering shutdown blocker for XPIProvider
1420917723550	addons.manager	DEBUG	Registering shutdown blocker for LightweightThemeManager
1420917723554	addons.manager	DEBUG	Registering shutdown blocker for OpenH264Provider
1420917723555	addons.manager	DEBUG	Registering shutdown blocker for PluginProvider
*** Blocklist::_preloadBlocklistFile: blocklist is disabled
1420917725811	addons.manager	DEBUG	Registering shutdown blocker for <unnamed-provider>
1420917738279	addons.manager	DEBUG	shutdown
1420917738280	addons.manager	DEBUG	Calling shutdown blocker for XPIProvider
1420917738281	addons.xpi	DEBUG	shutdown
1420917738282	addons.xpi	DEBUG	Notifying XPI shutdown observers
1420917738284	addons.manager	DEBUG	Calling shutdown blocker for LightweightThemeManager
1420917738286	addons.manager	DEBUG	Calling shutdown blocker for OpenH264Provider
1420917738290	addons.manager	DEBUG	Calling shutdown blocker for PluginProvider
1420917738291	addons.manager	DEBUG	Calling shutdown blocker for <unnamed-provider>
1420917738306	addons.manager	DEBUG	Async provider shutdown done

Build info: version: '2.42.0', revision: '5e824302019c86eae9c8c3ca9155e7307b410cf8', time: '2014-05-24 09:48:41'
System info: host: 'PravinAdmin', ip: '192.168.0.100', os.name: 'Windows 8', os.arch: 'amd64', os.version: '6.2', java.version: '1.7.0_10'
Driver info: driver.version: FirefoxDriver
	at org.openqa.selenium.firefox.internal.NewProfileExtensionConnection.start(NewProfileExtensionConnection.java:130)
	at org.openqa.selenium.firefox.FirefoxDriver.startClient(FirefoxDriver.java:246)
	at org.openqa.selenium.remote.RemoteWebDriver.<init>(RemoteWebDriver.java:115)
	at org.openqa.selenium.firefox.FirefoxDriver.<init>(FirefoxDriver.java:191)
	at org.openqa.selenium.firefox.FirefoxDriver.<init>(FirefoxDriver.java:186)
	at org.openqa.selenium.firefox.FirefoxDriver.<init>(FirefoxDriver.java:182)
	at org.openqa.selenium.firefox.FirefoxDriver.<init>(FirefoxDriver.java:95)
	at ua.com.rozetka.utils.Browser.open(Browser.java:36)
	at ua.com.rozetka.tests.BaseTest.setUpBrowser(BaseTest.java:20)
Caused by: org.openqa.selenium.firefox.NotConnectedException: Unable to connect to host 127.0.0.1 on port 7055 after 45000 ms. Firefox console output:
s
1420917719587	DeferredSave.extensions.json	DEBUG	Save changes
1420917719588	addons.xpi	DEBUG	New add-on {972ce4c6-7e08-4474-a285-3208198ce6fd} installed in app-global
1420917719593	addons.xpi-utils	DEBUG	Make addon app-global:{972ce4c6-7e08-4474-a285-3208198ce6fd} visible
1420917719593	DeferredSave.extensions.json	DEBUG	Save changes
1420917719593	DeferredSave.extensions.json	DEBUG	Save changes
1420917719614	addons.xpi	DEBUG	Updating database with changes to installed add-ons
1420917719614	addons.xpi-utils	DEBUG	Updating add-on states
1420917719616	addons.xpi-utils	DEBUG	Writing add-ons list
1420917719627	addons.manager	DEBUG	Registering shutdown blocker for XPIProvider
1420917719628	addons.manager	DEBUG	Registering shutdown blocker for LightweightThemeManager
1420917719631	addons.manager	DEBUG	Registering shutdown blocker for OpenH264Provider
1420917719631	addons.manager	DEBUG	Registering shutdown blocker for PluginProvider
1420917721556	DeferredSave.extensions.json	DEBUG	Starting timer
1420917721616	DeferredSave.extensions.json	DEBUG	Starting write
1420917721800	addons.manager	DEBUG	shutdown
1420917721801	addons.manager	DEBUG	Calling shutdown blocker for XPIProvider
1420917721802	addons.xpi	DEBUG	shutdown
1420917721803	addons.xpi-utils	DEBUG	shutdown
1420917721804	addons.manager	DEBUG	Calling shutdown blocker for LightweightThemeManager
1420917721805	addons.manager	DEBUG	Calling shutdown blocker for OpenH264Provider
1420917721808	addons.manager	DEBUG	Calling shutdown blocker for PluginProvider
1420917722062	DeferredSave.extensions.json	DEBUG	Write succeeded
1420917722062	addons.xpi-utils	DEBUG	XPI Database saved, setting schema version preference to 16
1420917722063	addons.xpi	DEBUG	Notifying XPI shutdown observers
1420917722069	addons.manager	DEBUG	Async provider shutdown done
1420917723457	addons.manager	DEBUG	Loaded provider scope for resource://gre/modules/addons/XPIProvider.jsm: ["XPIProvider"]
1420917723462	addons.manager	DEBUG	Loaded provider scope for resource://gre/modules/LightweightThemeManager.jsm: ["LightweightThemeManager"]
1420917723476	addons.xpi	DEBUG	startup
1420917723479	addons.xpi	DEBUG	Skipping unavailable install location app-system-local
1420917723480	addons.xpi	DEBUG	Skipping unavailable install location app-system-share
1420917723484	addons.xpi	INFO	Mapping {972ce4c6-7e08-4474-a285-3208198ce6fd} to C:\Program Files (x86)\Mozilla Firefox\browser\extensions\{972ce4c6-7e08-4474-a285-3208198ce6fd}
1420917723489	addons.xpi	INFO	Mapping fxdriver@googlecode.com to C:\Users\Laasya\AppData\Local\Temp\anonymous8199362947020129337webdriver-profile\extensions\fxdriver@googlecode.com
1420917723489	addons.xpi	DEBUG	Ignoring file entry whose name is not a valid add-on ID: C:\Users\Laasya\AppData\Local\Temp\anonymous8199362947020129337webdriver-profile\extensions\webdriver-staging
1420917723490	addons.xpi	DEBUG	checkForChanges
1420917723533	addons.xpi	DEBUG	No changes found
1420917723549	addons.manager	DEBUG	Registering shutdown blocker for XPIProvider
1420917723550	addons.manager	DEBUG	Registering shutdown blocker for LightweightThemeManager
1420917723554	addons.manager	DEBUG	Registering shutdown blocker for OpenH264Provider
1420917723555	addons.manager	DEBUG	Registering shutdown blocker for PluginProvider
*** Blocklist::_preloadBlocklistFile: blocklist is disabled
1420917725811	addons.manager	DEBUG	Registering shutdown blocker for <unnamed-provider>
1420917738279	addons.manager	DEBUG	shutdown
1420917738280	addons.manager	DEBUG	Calling shutdown blocker for XPIProvider
1420917738281	addons.xpi	DEBUG	shutdown
1420917738282	addons.xpi	DEBUG	Notifying XPI shutdown observers
1420917738284	addons.manager	DEBUG	Calling shutdown blocker for LightweightThemeManager
1420917738286	addons.manager	DEBUG	Calling shutdown blocker for OpenH264Provider
1420917738290	addons.manager	DEBUG	Calling shutdown blocker for PluginProvider
1420917738291	addons.manager	DEBUG	Calling shutdown blocker for <unnamed-provider>
1420917738306	addons.manager	DEBUG	Async provider shutdown done

	at org.openqa.selenium.firefox.internal.NewProfileExtensionConnection.start(NewProfileExtensionConnection.java:118)
	... 33 more
... Removed 25 stack frames]]>
    </failure>
  </testcase> <!-- @BeforeTest setUpBrowser -->
  <testcase name="@BeforeMethod logTestStart" time="0.0" classname="ua.com.rozetka.tests.Search">
    <skipped/>
  </testcase> <!-- @BeforeMethod logTestStart -->
  <testcase name="@BeforeMethod setUpTestData" time="0.0" classname="ua.com.rozetka.tests.Search">
    <skipped/>
  </testcase> <!-- @BeforeMethod setUpTestData -->
  <testcase name="@BeforeMethod logTestStart" time="0.0" classname="ua.com.rozetka.tests.Search">
    <skipped/>
  </testcase> <!-- @BeforeMethod logTestStart -->
  <testcase name="@BeforeMethod setUpTestData" time="0.0" classname="ua.com.rozetka.tests.Search">
    <skipped/>
  </testcase> <!-- @BeforeMethod setUpTestData -->
  <testcase name="@BeforeMethod logTestStart" time="0.0" classname="ua.com.rozetka.tests.Search">
    <skipped/>
  </testcase> <!-- @BeforeMethod logTestStart -->
  <testcase name="@BeforeMethod setUpTestData" time="0.0" classname="ua.com.rozetka.tests.Search">
    <skipped/>
  </testcase> <!-- @BeforeMethod setUpTestData -->
  <testcase name="@AfterTest closeBrowser" time="0.0" classname="ua.com.rozetka.tests.Search">
    <failure type="java.lang.NullPointerException">
      <![CDATA[java.lang.NullPointerException
	at ua.com.rozetka.utils.Browser.tearDown(Browser.java:48)
	at ua.com.rozetka.tests.BaseTest.closeBrowser(BaseTest.java:57)
... Removed 25 stack frames]]>
    </failure>
  </testcase> <!-- @AfterTest closeBrowser -->
  <testcase name="searchQueryRemainsInSearchBoxTest" time="0.002" classname="ua.com.rozetka.tests.Search">
    <skipped/>
  </testcase> <!-- searchQueryRemainsInSearchBoxTest -->
  <testcase name="searchResultsContainSearchProductTest" time="0.001" classname="ua.com.rozetka.tests.Search">
    <skipped/>
  </testcase> <!-- searchResultsContainSearchProductTest -->
  <testcase name="searchResultsForContainsSearchQuery" time="0.0" classname="ua.com.rozetka.tests.Search">
    <skipped/>
  </testcase> <!-- searchResultsForContainsSearchQuery -->
</testsuite> <!-- Search -->
